[2025-11-22T00:58:54-08:00] Initializing new Memori session for chatmode: main
[2025-11-22T00:58:56-08:00] ✅ Memori initialized successfully (session_id: session_20251122_005856)
[2025-11-22T00:58:58-08:00] Recording work: tool=Write, chatmode=main
[2025-11-22T01:19:52-08:00] Session already initialized (chatmode: main)
[2025-11-22T01:22:53-08:00] Session already initialized (chatmode: main)
[2025-11-22T01:27:44-08:00] Session already initialized (chatmode: main)
[2025-11-22T01:52:02-08:00] Session already initialized (chatmode: main)
[2025-11-22T01:57:54-08:00] Session already initialized (chatmode: main)
[2025-11-22T02:03:02-08:00] Session already initialized (chatmode: main)
[2025-11-22T10:34:53-08:00] Session already initialized (chatmode: main)
[2025-11-22T10:48:52-08:00] Session already initialized (chatmode: main)
[2025-11-22T11:00:06-08:00] Session already initialized (chatmode: main)
[2025-11-22T11:10:53-08:00] Session already initialized (chatmode: main)
[2025-11-22T11:15:18-08:00] Session already initialized (chatmode: main)
[2025-11-22T11:25:30-08:00] Session already initialized (chatmode: main)
[2025-11-22T17:15:20-08:00] Session already initialized (chatmode: main)
[2025-11-22T17:17:36-08:00] Session already initialized (chatmode: main)
[2025-11-22T17:18:28-08:00] Session already initialized (chatmode: main)
[2025-11-22T17:19:25-08:00] Session already initialized (chatmode: main)
[2025-11-22T17:20:24-08:00] Session already initialized (chatmode: main)
[2025-11-22T17:49:32-08:00] Session already initialized (chatmode: main)
[2025-11-22T20:03:34-08:00] Session already initialized (chatmode: main)
[2025-11-22T20:06:06-08:00] Session already initialized (chatmode: main)
[2025-11-22T20:07:44-08:00] Session already initialized (chatmode: main)
[2025-11-24T14:21:02-08:00] Session already initialized (chatmode: main)
[2025-11-24T14:34:39-08:00] Session already initialized (chatmode: main)
[2025-11-24T14:48:24-08:00] Session already initialized (chatmode: main)
[2025-11-24T14:54:38-08:00] Session already initialized (chatmode: main)
[2025-11-24T15:00:23-08:00] Session already initialized (chatmode: main)
[2025-11-24T15:09:27-08:00] Session already initialized (chatmode: main)
[2025-11-24T15:14:22-08:00] Session already initialized (chatmode: main)
[2025-11-24T15:15:51-08:00] Session already initialized (chatmode: main)
[2025-11-24T15:37:52-08:00] Session already initialized (chatmode: main)
[2025-11-24T15:42:31-08:00] Session already initialized (chatmode: main)
[2025-11-24T15:43:59-08:00] Session already initialized (chatmode: main)
[2025-11-24T18:15:22-08:00] Session already initialized (chatmode: main)
[2025-11-24T18:31:21-08:00] Session already initialized (chatmode: main)
[2025-11-25T13:22:53-08:00] Session already initialized (chatmode: main)
[2025-11-25T13:27:46-08:00] Session already initialized (chatmode: main)
[2025-11-25T13:31:03-08:00] Session already initialized (chatmode: main)
[2025-11-25T14:02:59-08:00] Session already initialized (chatmode: main)
[2025-11-25T14:04:33-08:00] Session already initialized (chatmode: main)
[2025-11-25T14:06:52-08:00] Session already initialized (chatmode: main)
[2025-11-25T14:13:03-08:00] Session already initialized (chatmode: main)
[2025-11-25T14:18:20-08:00] Session already initialized (chatmode: main)
[2025-11-25T14:19:22-08:00] Session already initialized (chatmode: main)
[2025-11-25T14:26:06-08:00] Session already initialized (chatmode: main)
[2025-11-25T14:31:58-08:00] Session already initialized (chatmode: main)
[2025-11-25T14:35:01-08:00] Session already initialized (chatmode: main)
[2025-11-25T14:42:31-08:00] Session already initialized (chatmode: main)
[2025-11-25T14:52:05-08:00] Session already initialized (chatmode: main)
[2025-11-25T14:55:30-08:00] Session already initialized (chatmode: main)
[2025-11-25T14:58:49-08:00] Session already initialized (chatmode: main)
[2025-11-25T15:03:33-08:00] Session already initialized (chatmode: main)
[2025-11-25T15:05:25-08:00] Session already initialized (chatmode: main)
[2025-11-25T15:10:12-08:00] Session already initialized (chatmode: main)
[2025-11-25T15:15:34-08:00] Session already initialized (chatmode: main)
[2025-11-25T15:16:58-08:00] Session already initialized (chatmode: main)
[2025-11-25T15:17:15-08:00] [context] Context session already active (chatmode: main)
[2025-11-25T15:17:30-08:00] [context] Initializing new context session for chatmode: architect
[2025-11-25T15:17:32-08:00] [context] Context session started: cb8fc966-b679-4033-9601-d556a7190693 (chatmode: architect, user: pt2_architect)
[2025-11-25T15:18:32-08:00] [context] Context session already active (chatmode: main)
[2025-11-25T17:17:42-08:00] Session already initialized (chatmode: main)
[2025-11-25T17:28:33-08:00] Session already initialized (chatmode: main)
[2025-11-25T17:28:33-08:00] [context] Context session already active (chatmode: main)
[2025-11-25T17:30:12-08:00] Session already initialized (chatmode: main)
[2025-11-25T17:30:12-08:00] [context] Context session already active (chatmode: main)
[2025-11-25T17:32:13-08:00] Session already initialized (chatmode: main)
[2025-11-25T17:32:13-08:00] [context] Context session already active (chatmode: main)
[2025-11-25T17:32:57-08:00] Session already initialized (chatmode: main)
[2025-11-25T17:32:57-08:00] [context] Context session already active (chatmode: main)
[2025-11-25T18:11:59-08:00] Session already initialized (chatmode: main)
[2025-11-25T18:11:59-08:00] [context] Context session already active (chatmode: main)
[2025-11-25T18:16:55-08:00] Session already initialized (chatmode: main)
[2025-11-25T18:16:55-08:00] [context] Context session already active (chatmode: main)
[2025-11-25T18:21:14-08:00] Session already initialized (chatmode: main)
[2025-11-25T18:21:14-08:00] [context] Context session already active (chatmode: main)
[2025-11-25T18:22:13-08:00] Session already initialized (chatmode: main)
[2025-11-25T18:22:13-08:00] [context] Context session already active (chatmode: main)
[2025-11-25T18:24:57-08:00] Session already initialized (chatmode: main)
[2025-11-25T18:24:57-08:00] [context] Context session already active (chatmode: main)
[2025-11-25T18:29:02-08:00] Session already initialized (chatmode: main)
[2025-11-25T18:29:02-08:00] [context] Context session already active (chatmode: main)
[2025-11-25T18:33:03-08:00] Session already initialized (chatmode: main)
[2025-11-25T18:33:03-08:00] [context] Context session already active (chatmode: main)
[2025-11-25T18:36:19-08:00] Session already initialized (chatmode: main)
[2025-11-25T18:36:19-08:00] [context] Context session already active (chatmode: main)
[2025-11-25T18:39:50-08:00] Session already initialized (chatmode: main)
[2025-11-25T18:39:50-08:00] [context] Context session already active (chatmode: main)
[2025-11-25T18:41:20-08:00] Session already initialized (chatmode: main)
[2025-11-25T18:41:20-08:00] [context] Context session already active (chatmode: main)
[2025-11-25T18:42:11-08:00] [skill] Skill invoked: backend-service-builder
[2025-11-25T18:42:13-08:00] [skill] ✅ Memori enabled for skill: backend-service-builder (namespace: skill_backend_service_builder)
[2025-11-25T18:46:04-08:00] Session already initialized (chatmode: main)
[2025-11-25T18:46:04-08:00] [context] Context session already active (chatmode: main)
[2025-11-25T18:46:21-08:00] [skill] Skill invoked: lead-architect
[2025-11-25T18:46:23-08:00] [skill] ✅ Memori enabled for skill: lead-architect (namespace: skill_lead_architect)
[2025-11-25T18:48:26-08:00] Session already initialized (chatmode: main)
[2025-11-25T18:48:26-08:00] [context] Context session already active (chatmode: main)
[2025-11-25T18:55:11-08:00] Session already initialized (chatmode: main)
[2025-11-25T18:55:11-08:00] [context] Context session already active (chatmode: main)
[2025-11-25T19:01:22-08:00] Session already initialized (chatmode: main)
[2025-11-25T19:01:22-08:00] [context] Context session already active (chatmode: main)
[2025-11-25T19:02:49-08:00] Session already initialized (chatmode: main)
[2025-11-25T19:02:49-08:00] [context] Context session already active (chatmode: main)
[2025-11-25T19:08:35-08:00] Session already initialized (chatmode: main)
[2025-11-25T19:08:35-08:00] [context] Context session already active (chatmode: main)
[2025-11-25T21:15:20-08:00] Session already initialized (chatmode: main)
[2025-11-25T21:15:20-08:00] [context] Initializing new context session for chatmode: main
[2025-11-25T21:15:22-08:00] [context] Context session started: a8beaf8e-7af1-44e1-9c52-67a3e0d38ca6 (chatmode: main, user: pt2_agent)
[2025-11-25T21:15:26-08:00] [skill] Skill invoked: lead-architect
[2025-11-25T21:15:28-08:00] [skill] ✅ Memori enabled for skill: lead-architect (namespace: skill_lead_architect)
[2025-11-25T21:31:56-08:00] Session already initialized (chatmode: main)
[2025-11-25T21:31:56-08:00] [context] Context session already active (chatmode: main)
[2025-11-25T21:33:54-08:00] [context] Context session already active (chatmode: main)
[2025-11-25T21:33:54-08:00] Session already initialized (chatmode: main)
[2025-11-25T21:36:59-08:00] Session already initialized (chatmode: main)
[2025-11-25T21:36:59-08:00] [context] Context session already active (chatmode: main)
[2025-11-25T21:40:37-08:00] Session already initialized (chatmode: main)
[2025-11-25T21:40:37-08:00] [context] Context session already active (chatmode: main)
[2025-11-25T21:43:16-08:00] Session already initialized (chatmode: main)
[2025-11-25T21:43:16-08:00] [context] Context session already active (chatmode: main)
[2025-11-25T21:47:45-08:00] Session already initialized (chatmode: main)
[2025-11-25T21:47:45-08:00] [context] Context session already active (chatmode: main)
[2025-11-25T21:51:50-08:00] Session already initialized (chatmode: main)
[2025-11-25T21:51:50-08:00] [context] Context session already active (chatmode: main)
[2025-11-25T22:01:05-08:00] Session already initialized (chatmode: main)
[2025-11-25T22:01:05-08:00] [context] Context session already active (chatmode: main)
[2025-11-25T22:02:22-08:00] Session already initialized (chatmode: main)
[2025-11-25T22:02:22-08:00] [context] Context session already active (chatmode: main)
[2025-11-25T22:06:13-08:00] Session already initialized (chatmode: main)
[2025-11-25T22:06:13-08:00] [context] Context session already active (chatmode: main)
[2025-11-25T22:26:07-08:00] Session already initialized (chatmode: main)
[2025-11-25T22:26:07-08:00] [context] Context session already active (chatmode: main)
[2025-11-25T22:26:11-08:00] [skill] Skill invoked: lead-architect
[2025-11-25T22:26:13-08:00] [skill] ✅ Memori enabled for skill: lead-architect (namespace: skill_lead_architect)
[2025-11-25T22:33:38-08:00] Session already initialized (chatmode: main)
[2025-11-25T22:33:38-08:00] [context] Context session already active (chatmode: main)
[2025-11-25T22:39:19-08:00] Session already initialized (chatmode: main)
[2025-11-25T22:39:19-08:00] [context] Context session already active (chatmode: main)
[2025-11-25T22:49:04-08:00] Session already initialized (chatmode: main)
[2025-11-25T22:49:04-08:00] [context] Context session already active (chatmode: main)
[2025-11-25T22:49:08-08:00] [skill] Skill invoked: lead-architect
[2025-11-25T22:49:10-08:00] [skill] ✅ Memori enabled for skill: lead-architect (namespace: skill_lead_architect)
[2025-11-25T22:51:40-08:00] Session already initialized (chatmode: main)
[2025-11-25T22:51:40-08:00] [context] Context session already active (chatmode: main)
[2025-11-26T12:01:29-08:00] Session already initialized (chatmode: main)
[2025-11-26T12:01:29-08:00] [context] Initializing new context session for chatmode: main
[2025-11-26T12:01:31-08:00] [context] Context session started: fafe72e3-6383-47cc-96e9-3afc00e20322 (chatmode: main, user: pt2_agent)
[2025-11-26T12:05:48-08:00] Session already initialized (chatmode: main)
[2025-11-26T12:05:48-08:00] [context] Context session already active (chatmode: main)
[2025-11-26T12:09:23-08:00] [context] Context session already active (chatmode: main)
[2025-11-26T12:09:23-08:00] Session already initialized (chatmode: main)
[2025-11-26T12:10:25-08:00] Session already initialized (chatmode: main)
[2025-11-26T12:10:25-08:00] [context] Context session already active (chatmode: main)
[2025-11-26T12:32:15-08:00] Session already initialized (chatmode: main)
[2025-11-26T12:32:15-08:00] [context] Context session already active (chatmode: main)
[2025-11-26T12:59:14-08:00] Session already initialized (chatmode: main)
[2025-11-26T12:59:14-08:00] [context] Context session already active (chatmode: main)
[2025-11-26T13:08:39-08:00] Session already initialized (chatmode: main)
[2025-11-26T13:08:39-08:00] [context] Context session already active (chatmode: main)
[2025-11-26T13:10:39-08:00] Session already initialized (chatmode: main)
[2025-11-26T13:10:39-08:00] [context] Context session already active (chatmode: main)
[2025-11-26T13:15:38-08:00] Session already initialized (chatmode: main)
[2025-11-26T13:15:38-08:00] [context] Context session already active (chatmode: main)
[2025-11-26T13:17:25-08:00] [context] Context session already active (chatmode: main)
[2025-11-26T13:17:25-08:00] Session already initialized (chatmode: main)
[2025-11-26T13:18:16-08:00] Session already initialized (chatmode: main)
[2025-11-26T13:18:16-08:00] [context] Context session already active (chatmode: main)
[2025-11-26T13:24:00-08:00] Session already initialized (chatmode: main)
[2025-11-26T13:24:00-08:00] [context] Context session already active (chatmode: main)
[2025-11-26T13:26:29-08:00] [context] Context session already active (chatmode: main)
[2025-11-26T13:26:29-08:00] Session already initialized (chatmode: main)
[2025-11-26T13:33:36-08:00] Session already initialized (chatmode: main)
[2025-11-26T13:33:36-08:00] [context] Context session already active (chatmode: main)
[2025-11-26T13:35:26-08:00] Session already initialized (chatmode: main)
[2025-11-26T13:35:26-08:00] [context] Context session already active (chatmode: main)
[2025-11-26T13:42:50-08:00] Session already initialized (chatmode: main)
[2025-11-26T13:42:50-08:00] [context] Context session already active (chatmode: main)
[2025-11-26T13:54:38-08:00] Session already initialized (chatmode: main)
[2025-11-26T13:54:38-08:00] [context] Context session already active (chatmode: main)
[2025-11-26T13:58:49-08:00] Session already initialized (chatmode: main)
[2025-11-26T13:58:49-08:00] [context] Context session already active (chatmode: main)
[2025-11-26T14:01:35-08:00] Session already initialized (chatmode: main)
[2025-11-26T14:01:35-08:00] [context] Context session already active (chatmode: main)
[2025-11-26T14:19:31-08:00] Session already initialized (chatmode: main)
[2025-11-26T14:19:31-08:00] [context] Context session already active (chatmode: main)
[2025-11-26T14:19:40-08:00] [skill] Skill invoked: backend-service-builder
[2025-11-26T14:19:42-08:00] [skill] ✅ Memori enabled for skill: backend-service-builder (namespace: skill_backend_service_builder)
[2025-11-26T14:25:27-08:00] Session already initialized (chatmode: main)
[2025-11-26T14:25:27-08:00] [context] Context session already active (chatmode: main)
[2025-11-26T14:26:00-08:00] Session already initialized (chatmode: main)
[2025-11-26T14:26:00-08:00] [context] Context session already active (chatmode: main)
[2025-11-26T14:26:42-08:00] Session already initialized (chatmode: main)
[2025-11-26T14:26:42-08:00] [context] Context session already active (chatmode: main)
[2025-11-26T14:27:52-08:00] Session already initialized (chatmode: main)
[2025-11-26T14:27:52-08:00] [context] Context session already active (chatmode: main)
